This is pdfTeX, Version 3.1415926-1.40.10 (TeX Live 2009/Debian) (format=pdflatex 2011.5.10)  17 JUN 2011 13:22
entering extended mode
 %&-line parsing enabled.
**%

*
! Interruption.
<*> 
    
? 
(/usr/share/texmf-texlive/tex/latex/tools/.tex
LaTeX2e <2009/09/24>
Babel <v3.8l> and hyphenation patterns for english, usenglishmax, dumylang, noh
yphenation, loaded.
File ignored)
(Please type a command or say `\end')
*
! Emergency stop.
<*> 
    
End of file on the terminal!

 
Here is how much of TeX's memory you used:
 5 strings out of 495061
 232 string characters out of 1182621
 45108 words of memory out of 3000000
 3282 multiletter control sequences out of 15000+50000
 3640 words of font info for 14 fonts, out of 3000000 for 9000
 28 hyphenation exceptions out of 8191
 6i,0n,1p,80b,8s stack positions out of 5000i,500n,10000p,200000b,50000s
!  ==> Fatal error occurred, no output PDF file produced!
